{"numTotalTestSuites":7,"numPassedTestSuites":7,"numFailedTestSuites":0,"numPendingTestSuites":0,"numTotalTests":17,"numPassedTests":17,"numFailedTests":0,"numPendingTests":0,"numTodoTests":0,"startTime":1771310532007,"success":true,"testResults":[{"assertionResults":[{"ancestorTitles":["","run creation + validation"],"fullName":" run creation + validation creates a run at NORA_PLAN with iteration 1","status":"passed","title":"creates a run at NORA_PLAN with iteration 1","duration":9,"failureMessages":[]},{"ancestorTitles":["","run creation + validation"],"fullName":" run creation + validation rejects malformed run creation payloads with 400","status":"passed","title":"rejects malformed run creation payloads with 400","duration":3,"failureMessages":[]},{"ancestorTitles":["","deterministic transitions + gates"],"fullName":" deterministic transitions + gates enforces deterministic step transitions and MARI_REVIEW->DONE approval gate","status":"passed","title":"enforces deterministic step transitions and MARI_REVIEW->DONE approval gate","duration":3,"failureMessages":[]},{"ancestorTitles":["","idempotency + conflict semantics"],"fullName":" idempotency + conflict semantics deduplicates retrying the same step payload with the same idempotency key","status":"passed","title":"deduplicates retrying the same step payload with the same idempotency key","duration":4,"failureMessages":[]},{"ancestorTitles":["","idempotency + conflict semantics"],"fullName":" idempotency + conflict semantics returns 409 when an idempotency key is reused with a different payload","status":"passed","title":"returns 409 when an idempotency key is reused with a different payload","duration":2,"failureMessages":[]},{"ancestorTitles":["","idempotency + conflict semantics"],"fullName":" idempotency + conflict semantics rejects mismatch between idempotency header and body field","status":"passed","title":"rejects mismatch between idempotency header and body field","duration":2,"failureMessages":[]},{"ancestorTitles":["","shared context + artifacts + run_steps integrity"],"fullName":" shared context + artifacts + run_steps integrity persists shared context writes and merges context patches on step","status":"passed","title":"persists shared context writes and merges context patches on step","duration":3,"failureMessages":[]},{"ancestorTitles":["","shared context + artifacts + run_steps integrity"],"fullName":" shared context + artifacts + run_steps integrity exposes artifact metadata and persisted content endpoint after REI_BUILD","status":"passed","title":"exposes artifact metadata and persisted content endpoint after REI_BUILD","duration":2,"failureMessages":[]},{"ancestorTitles":["","response contracts (snapshot lock)"],"fullName":" response contracts (snapshot lock) freezes GET /api/runs/:id response shape","status":"passed","title":"freezes GET /api/runs/:id response shape","duration":3,"failureMessages":[]},{"ancestorTitles":["","response contracts (snapshot lock)"],"fullName":" response contracts (snapshot lock) freezes GET /api/runs/:id/steps response shape","status":"passed","title":"freezes GET /api/runs/:id/steps response shape","duration":3,"failureMessages":[]},{"ancestorTitles":["","response contracts (snapshot lock)"],"fullName":" response contracts (snapshot lock) freezes GET /api/runs/:id/artifact response shape","status":"passed","title":"freezes GET /api/runs/:id/artifact response shape","duration":3,"failureMessages":[]},{"ancestorTitles":["","response contracts (snapshot lock)"],"fullName":" response contracts (snapshot lock) freezes GET /api/runs/:id/artifact/content response body","status":"passed","title":"freezes GET /api/runs/:id/artifact/content response body","duration":2,"failureMessages":[]},{"ancestorTitles":["","integration flow and reliability edge cases"],"fullName":" integration flow and reliability edge cases completes full loop NORA_PLAN -> REI_BUILD -> MARI_REVIEW -> DONE -> NORA_PLAN","status":"passed","title":"completes full loop NORA_PLAN -> REI_BUILD -> MARI_REVIEW -> DONE -> NORA_PLAN","duration":3,"failureMessages":[]},{"ancestorTitles":["","integration flow and reliability edge cases"],"fullName":" integration flow and reliability edge cases still allows intentional sequential non-idempotent progression","status":"passed","title":"still allows intentional sequential non-idempotent progression","duration":3,"failureMessages":[]},{"ancestorTitles":["","integration flow and reliability edge cases"],"fullName":" integration flow and reliability edge cases returns 404 for missing run IDs and task IDs","status":"passed","title":"returns 404 for missing run IDs and task IDs","duration":2,"failureMessages":[]},{"ancestorTitles":["","integration flow and reliability edge cases"],"fullName":" integration flow and reliability edge cases rejects malformed payloads for step and context APIs","status":"passed","title":"rejects malformed payloads for step and context APIs","duration":2,"failureMessages":[]},{"ancestorTitles":["","integration flow and reliability edge cases"],"fullName":" integration flow and reliability edge cases returns 400 for invalid transition source state","status":"passed","title":"returns 400 for invalid transition source state","duration":2,"failureMessages":[]}],"startTime":1771310532144,"endTime":1771310532195,"status":"passed","message":"","name":"/Users/nora/.openclaw/workspace/projects/openskelo/tests/run-core.api.test.ts"}]}